Analysis & Synthesis report for rachel_ruddy_lab5
Fri Nov 22 19:47:04 2024
Quartus Prime Version 18.1.0 Build 625 09/12/2018 SJ Lite Edition


---------------------
; Table of Contents ;
---------------------
  1. Legal Notice
  2. Analysis & Synthesis Summary
  3. Analysis & Synthesis Settings
  4. Parallel Compilation
  5. Analysis & Synthesis Source Files Read
  6. Analysis & Synthesis Resource Usage Summary
  7. Analysis & Synthesis Resource Utilization by Entity
  8. General Register Statistics
  9. Inverted Register Statistics
 10. Multiplexer Restructuring Statistics (Restructuring Performed)
 11. Port Connectivity Checks: "seven_segment_decoder:i3"
 12. Post-Synthesis Netlist Statistics for Top Partition
 13. Elapsed Time Per Partition
 14. Analysis & Synthesis Messages



----------------
; Legal Notice ;
----------------
Copyright (C) 2018  Intel Corporation. All rights reserved.
Your use of Intel Corporation's design tools, logic functions 
and other software and tools, and its AMPP partner logic 
functions, and any output files from any of the foregoing 
(including device programming or simulation files), and any 
associated documentation or information are expressly subject 
to the terms and conditions of the Intel Program License 
Subscription Agreement, the Intel Quartus Prime License Agreement,
the Intel FPGA IP License Agreement, or other applicable license
agreement, including, without limitation, that your use is for
the sole purpose of programming logic devices manufactured by
Intel and sold by Intel or its authorized distributors.  Please
refer to the applicable agreement for further details.



+-------------------------------------------------------------------------------+
; Analysis & Synthesis Summary                                                  ;
+---------------------------------+---------------------------------------------+
; Analysis & Synthesis Status     ; Successful - Fri Nov 22 19:47:04 2024       ;
; Quartus Prime Version           ; 18.1.0 Build 625 09/12/2018 SJ Lite Edition ;
; Revision Name                   ; rachel_ruddy_lab5                           ;
; Top-level Entity Name           ; rachel_ruddy_wrapper                        ;
; Family                          ; Cyclone V                                   ;
; Logic utilization (in ALMs)     ; N/A                                         ;
; Total registers                 ; 36                                          ;
; Total pins                      ; 10                                          ;
; Total virtual pins              ; 0                                           ;
; Total block memory bits         ; 0                                           ;
; Total DSP Blocks                ; 0                                           ;
; Total HSSI RX PCSs              ; 0                                           ;
; Total HSSI PMA RX Deserializers ; 0                                           ;
; Total HSSI TX PCSs              ; 0                                           ;
; Total HSSI PMA TX Serializers   ; 0                                           ;
; Total PLLs                      ; 0                                           ;
; Total DLLs                      ; 0                                           ;
+---------------------------------+---------------------------------------------+


+-----------------------------------------------------------------------------------------------------------------------------+
; Analysis & Synthesis Settings                                                                                               ;
+---------------------------------------------------------------------------------+----------------------+--------------------+
; Option                                                                          ; Setting              ; Default Value      ;
+---------------------------------------------------------------------------------+----------------------+--------------------+
; Device                                                                          ; 5CSEMA5F31C6         ;                    ;
; Top-level entity name                                                           ; rachel_ruddy_wrapper ; rachel_ruddy_lab5  ;
; Family name                                                                     ; Cyclone V            ; Cyclone V          ;
; Use smart compilation                                                           ; Off                  ; Off                ;
; Enable parallel Assembler and Timing Analyzer during compilation                ; On                   ; On                 ;
; Enable compact report table                                                     ; Off                  ; Off                ;
; Restructure Multiplexers                                                        ; Auto                 ; Auto               ;
; MLAB Add Timing Constraints For Mixed-Port Feed-Through Mode Setting Don't Care ; Off                  ; Off                ;
; Create Debugging Nodes for IP Cores                                             ; Off                  ; Off                ;
; Preserve fewer node names                                                       ; On                   ; On                 ;
; Intel FPGA IP Evaluation Mode                                                   ; Enable               ; Enable             ;
; Verilog Version                                                                 ; Verilog_2001         ; Verilog_2001       ;
; VHDL Version                                                                    ; VHDL_1993            ; VHDL_1993          ;
; State Machine Processing                                                        ; Auto                 ; Auto               ;
; Safe State Machine                                                              ; Off                  ; Off                ;
; Extract Verilog State Machines                                                  ; On                   ; On                 ;
; Extract VHDL State Machines                                                     ; On                   ; On                 ;
; Ignore Verilog initial constructs                                               ; Off                  ; Off                ;
; Iteration limit for constant Verilog loops                                      ; 5000                 ; 5000               ;
; Iteration limit for non-constant Verilog loops                                  ; 250                  ; 250                ;
; Add Pass-Through Logic to Inferred RAMs                                         ; On                   ; On                 ;
; Infer RAMs from Raw Logic                                                       ; On                   ; On                 ;
; Parallel Synthesis                                                              ; On                   ; On                 ;
; DSP Block Balancing                                                             ; Auto                 ; Auto               ;
; NOT Gate Push-Back                                                              ; On                   ; On                 ;
; Power-Up Don't Care                                                             ; On                   ; On                 ;
; Remove Redundant Logic Cells                                                    ; Off                  ; Off                ;
; Remove Duplicate Registers                                                      ; On                   ; On                 ;
; Ignore CARRY Buffers                                                            ; Off                  ; Off                ;
; Ignore CASCADE Buffers                                                          ; Off                  ; Off                ;
; Ignore GLOBAL Buffers                                                           ; Off                  ; Off                ;
; Ignore ROW GLOBAL Buffers                                                       ; Off                  ; Off                ;
; Ignore LCELL Buffers                                                            ; Off                  ; Off                ;
; Ignore SOFT Buffers                                                             ; On                   ; On                 ;
; Limit AHDL Integers to 32 Bits                                                  ; Off                  ; Off                ;
; Optimization Technique                                                          ; Balanced             ; Balanced           ;
; Carry Chain Length                                                              ; 70                   ; 70                 ;
; Auto Carry Chains                                                               ; On                   ; On                 ;
; Auto Open-Drain Pins                                                            ; On                   ; On                 ;
; Perform WYSIWYG Primitive Resynthesis                                           ; Off                  ; Off                ;
; Auto ROM Replacement                                                            ; On                   ; On                 ;
; Auto RAM Replacement                                                            ; On                   ; On                 ;
; Auto DSP Block Replacement                                                      ; On                   ; On                 ;
; Auto Shift Register Replacement                                                 ; Auto                 ; Auto               ;
; Allow Shift Register Merging across Hierarchies                                 ; Auto                 ; Auto               ;
; Auto Clock Enable Replacement                                                   ; On                   ; On                 ;
; Strict RAM Replacement                                                          ; Off                  ; Off                ;
; Allow Synchronous Control Signals                                               ; On                   ; On                 ;
; Force Use of Synchronous Clear Signals                                          ; Off                  ; Off                ;
; Auto Resource Sharing                                                           ; Off                  ; Off                ;
; Allow Any RAM Size For Recognition                                              ; Off                  ; Off                ;
; Allow Any ROM Size For Recognition                                              ; Off                  ; Off                ;
; Allow Any Shift Register Size For Recognition                                   ; Off                  ; Off                ;
; Use LogicLock Constraints during Resource Balancing                             ; On                   ; On                 ;
; Ignore translate_off and synthesis_off directives                               ; Off                  ; Off                ;
; Timing-Driven Synthesis                                                         ; On                   ; On                 ;
; Report Parameter Settings                                                       ; On                   ; On                 ;
; Report Source Assignments                                                       ; On                   ; On                 ;
; Report Connectivity Checks                                                      ; On                   ; On                 ;
; Ignore Maximum Fan-Out Assignments                                              ; Off                  ; Off                ;
; Synchronization Register Chain Length                                           ; 3                    ; 3                  ;
; Power Optimization During Synthesis                                             ; Normal compilation   ; Normal compilation ;
; HDL message level                                                               ; Level2               ; Level2             ;
; Suppress Register Optimization Related Messages                                 ; Off                  ; Off                ;
; Number of Removed Registers Reported in Synthesis Report                        ; 5000                 ; 5000               ;
; Number of Swept Nodes Reported in Synthesis Report                              ; 5000                 ; 5000               ;
; Number of Inverted Registers Reported in Synthesis Report                       ; 100                  ; 100                ;
; Clock MUX Protection                                                            ; On                   ; On                 ;
; Auto Gated Clock Conversion                                                     ; Off                  ; Off                ;
; Block Design Naming                                                             ; Auto                 ; Auto               ;
; SDC constraint protection                                                       ; Off                  ; Off                ;
; Synthesis Effort                                                                ; Auto                 ; Auto               ;
; Shift Register Replacement - Allow Asynchronous Clear Signal                    ; On                   ; On                 ;
; Pre-Mapping Resynthesis Optimization                                            ; Off                  ; Off                ;
; Analysis & Synthesis Message Level                                              ; Medium               ; Medium             ;
; Disable Register Merging Across Hierarchies                                     ; Auto                 ; Auto               ;
; Resource Aware Inference For Block RAM                                          ; On                   ; On                 ;
; Automatic Parallel Synthesis                                                    ; On                   ; On                 ;
; Partial Reconfiguration Bitstream ID                                            ; Off                  ; Off                ;
+---------------------------------------------------------------------------------+----------------------+--------------------+


+------------------------------------------+
; Parallel Compilation                     ;
+----------------------------+-------------+
; Processors                 ; Number      ;
+----------------------------+-------------+
; Number detected on machine ; 24          ;
; Maximum allowed            ; 16          ;
;                            ;             ;
; Average used               ; 1.00        ;
; Maximum used               ; 16          ;
;                            ;             ;
; Usage by Processor         ; % Time Used ;
;     Processor 1            ; 100.0%      ;
;     Processors 2-16        ;   0.0%      ;
+----------------------------+-------------+


+-------------------------------------------------------------------------------------------------------------------------+
; Analysis & Synthesis Source Files Read                                                                                  ;
+----------------------------------+-----------------+-----------------+----------------------------------------+---------+
; File Name with User-Entered Path ; Used in Netlist ; File Type       ; File Name with Absolute Path           ; Library ;
+----------------------------------+-----------------+-----------------+----------------------------------------+---------+
; rachel_ruddy_counter.vhd         ; yes             ; User VHDL File  ; P:/lab5/rachel_ruddy_counter.vhd       ;         ;
; rachel_ruddy_clock_divider.vhd   ; yes             ; User VHDL File  ; P:/lab5/rachel_ruddy_clock_divider.vhd ;         ;
; rachel_ruddy_wrapper.vhd         ; yes             ; User VHDL File  ; P:/lab5/rachel_ruddy_wrapper.vhd       ;         ;
; seven_segment_decoder.vhd        ; yes             ; User VHDL File  ; P:/lab5/seven_segment_decoder.vhd      ;         ;
+----------------------------------+-----------------+-----------------+----------------------------------------+---------+


+-----------------------------------------------------------+
; Analysis & Synthesis Resource Usage Summary               ;
+---------------------------------------------+-------------+
; Resource                                    ; Usage       ;
+---------------------------------------------+-------------+
; Estimate of Logic utilization (ALMs needed) ; 45          ;
;                                             ;             ;
; Combinational ALUT usage for logic          ; 71          ;
;     -- 7 input functions                    ; 0           ;
;     -- 6 input functions                    ; 18          ;
;     -- 5 input functions                    ; 1           ;
;     -- 4 input functions                    ; 1           ;
;     -- <=3 input functions                  ; 51          ;
;                                             ;             ;
; Dedicated logic registers                   ; 36          ;
;                                             ;             ;
; I/O pins                                    ; 10          ;
;                                             ;             ;
; Total DSP Blocks                            ; 0           ;
;                                             ;             ;
; Maximum fan-out node                        ; reset~input ;
; Maximum fan-out                             ; 56          ;
; Total fan-out                               ; 405         ;
; Average fan-out                             ; 3.19        ;
+---------------------------------------------+-------------+


+-----------------------------------------------------------------------------------------------------------------------------------------------------------------------------------------------------------------------------------------------+
; Analysis & Synthesis Resource Utilization by Entity                                                                                                                                                                                           ;
+------------------------------------+---------------------+---------------------------+-------------------+------------+------+--------------+-----------------------------------------------------+----------------------------+--------------+
; Compilation Hierarchy Node         ; Combinational ALUTs ; Dedicated Logic Registers ; Block Memory Bits ; DSP Blocks ; Pins ; Virtual Pins ; Full Hierarchy Name                                 ; Entity Name                ; Library Name ;
+------------------------------------+---------------------+---------------------------+-------------------+------------+------+--------------+-----------------------------------------------------+----------------------------+--------------+
; |rachel_ruddy_wrapper              ; 71 (0)              ; 36 (0)                    ; 0                 ; 0          ; 10   ; 0            ; |rachel_ruddy_wrapper                               ; rachel_ruddy_wrapper       ; work         ;
;    |rachel_ruddy_clock_divider:i1| ; 61 (61)             ; 33 (33)                   ; 0                 ; 0          ; 0    ; 0            ; |rachel_ruddy_wrapper|rachel_ruddy_clock_divider:i1 ; rachel_ruddy_clock_divider ; work         ;
;    |rachel_ruddy_counter:i2|       ; 2 (2)               ; 3 (3)                     ; 0                 ; 0          ; 0    ; 0            ; |rachel_ruddy_wrapper|rachel_ruddy_counter:i2       ; rachel_ruddy_counter       ; work         ;
;    |seven_segment_decoder:i3|      ; 8 (8)               ; 0 (0)                     ; 0                 ; 0          ; 0    ; 0            ; |rachel_ruddy_wrapper|seven_segment_decoder:i3      ; seven_segment_decoder      ; work         ;
+------------------------------------+---------------------+---------------------------+-------------------+------------+------+--------------+-----------------------------------------------------+----------------------------+--------------+
Note: For table entries with two numbers listed, the numbers in parentheses indicate the number of resources of the given type used by the specific entity alone. The numbers listed outside of parentheses indicate the total resources of the given type used by the specific entity and all of its sub-entities in the hierarchy.


+------------------------------------------------------+
; General Register Statistics                          ;
+----------------------------------------------+-------+
; Statistic                                    ; Value ;
+----------------------------------------------+-------+
; Total registers                              ; 36    ;
; Number of registers using Synchronous Clear  ; 14    ;
; Number of registers using Synchronous Load   ; 0     ;
; Number of registers using Asynchronous Clear ; 36    ;
; Number of registers using Asynchronous Load  ; 0     ;
; Number of registers using Clock Enable       ; 34    ;
; Number of registers using Preset             ; 0     ;
+----------------------------------------------+-------+


+-----------------------------------------------------+
; Inverted Register Statistics                        ;
+-------------------------------------------+---------+
; Inverted Register                         ; Fan out ;
+-------------------------------------------+---------+
; rachel_ruddy_clock_divider:i1|counter[5]  ; 2       ;
; rachel_ruddy_clock_divider:i1|counter[4]  ; 2       ;
; rachel_ruddy_clock_divider:i1|counter[3]  ; 2       ;
; rachel_ruddy_clock_divider:i1|counter[2]  ; 2       ;
; rachel_ruddy_clock_divider:i1|counter[1]  ; 2       ;
; rachel_ruddy_clock_divider:i1|counter[0]  ; 2       ;
; rachel_ruddy_clock_divider:i1|counter[25] ; 2       ;
; rachel_ruddy_clock_divider:i1|counter[23] ; 2       ;
; rachel_ruddy_clock_divider:i1|counter[22] ; 2       ;
; rachel_ruddy_clock_divider:i1|counter[21] ; 2       ;
; rachel_ruddy_clock_divider:i1|counter[20] ; 2       ;
; rachel_ruddy_clock_divider:i1|counter[19] ; 2       ;
; rachel_ruddy_clock_divider:i1|counter[17] ; 2       ;
; rachel_ruddy_clock_divider:i1|counter[15] ; 2       ;
; rachel_ruddy_clock_divider:i1|counter[14] ; 2       ;
; rachel_ruddy_clock_divider:i1|counter[13] ; 2       ;
; rachel_ruddy_clock_divider:i1|counter[12] ; 2       ;
; rachel_ruddy_clock_divider:i1|counter[6]  ; 2       ;
; Total number of inverted registers = 18   ;         ;
+-------------------------------------------+---------+


+-------------------------------------------------------------------------------------------------------------------------------------------------------------------------------+
; Multiplexer Restructuring Statistics (Restructuring Performed)                                                                                                                ;
+--------------------+-----------+---------------+----------------------+------------------------+------------+-----------------------------------------------------------------+
; Multiplexer Inputs ; Bus Width ; Baseline Area ; Area if Restructured ; Saving if Restructured ; Registered ; Example Multiplexer Output                                      ;
+--------------------+-----------+---------------+----------------------+------------------------+------------+-----------------------------------------------------------------+
; 5:1                ; 14 bits   ; 42 LEs        ; 0 LEs                ; 42 LEs                 ; Yes        ; |rachel_ruddy_wrapper|rachel_ruddy_clock_divider:i1|counter[24] ;
; 5:1                ; 18 bits   ; 54 LEs        ; 36 LEs               ; 18 LEs                 ; Yes        ; |rachel_ruddy_wrapper|rachel_ruddy_clock_divider:i1|counter[23] ;
+--------------------+-----------+---------------+----------------------+------------------------+------------+-----------------------------------------------------------------+


+------------------------------------------------------+
; Port Connectivity Checks: "seven_segment_decoder:i3" ;
+---------+-------+----------+-------------------------+
; Port    ; Type  ; Severity ; Details                 ;
+---------+-------+----------+-------------------------+
; code[3] ; Input ; Info     ; Stuck at GND            ;
+---------+-------+----------+-------------------------+


+-----------------------------------------------------+
; Post-Synthesis Netlist Statistics for Top Partition ;
+-----------------------+-----------------------------+
; Type                  ; Count                       ;
+-----------------------+-----------------------------+
; arriav_ff             ; 36                          ;
;     CLR               ; 2                           ;
;     ENA CLR           ; 20                          ;
;     ENA CLR SCLR      ; 14                          ;
; arriav_lcell_comb     ; 71                          ;
;     arith             ; 32                          ;
;         1 data inputs ; 32                          ;
;     normal            ; 39                          ;
;         1 data inputs ; 1                           ;
;         2 data inputs ; 3                           ;
;         3 data inputs ; 15                          ;
;         4 data inputs ; 1                           ;
;         5 data inputs ; 1                           ;
;         6 data inputs ; 18                          ;
; boundary_port         ; 10                          ;
;                       ;                             ;
; Max LUT depth         ; 4.50                        ;
; Average LUT depth     ; 3.23                        ;
+-----------------------+-----------------------------+


+-------------------------------+
; Elapsed Time Per Partition    ;
+----------------+--------------+
; Partition Name ; Elapsed Time ;
+----------------+--------------+
; Top            ; 00:00:00     ;
+----------------+--------------+


+-------------------------------+
; Analysis & Synthesis Messages ;
+-------------------------------+
Info: *******************************************************************
Info: Running Quartus Prime Analysis & Synthesis
    Info: Version 18.1.0 Build 625 09/12/2018 SJ Lite Edition
    Info: Processing started: Fri Nov 22 19:46:46 2024
Info: Command: quartus_map --read_settings_files=on --write_settings_files=off rachel_ruddy_lab5 -c rachel_ruddy_lab5
Warning (18236): Number of processors has not been specified which may cause overloading on shared machines.  Set the global assignment NUM_PARALLEL_PROCESSORS in your QSF to an appropriate value for best performance.
Info (20030): Parallel compilation is enabled and will use 16 of the 16 processors detected
Info (12021): Found 2 design units, including 1 entities, in source file rachel_ruddy_jkff.vhd
    Info (12022): Found design unit 1: rachel_ruddy_jkff-Behavioral File: P:/lab5/rachel_ruddy_jkff.vhd Line: 14
    Info (12023): Found entity 1: rachel_ruddy_jkff File: P:/lab5/rachel_ruddy_jkff.vhd Line: 5
Info (12021): Found 2 design units, including 1 entities, in source file tb_jkff.vhd
    Info (12022): Found design unit 1: tb_jkff-behavior File: P:/lab5/tb_jkff.vhd Line: 8
    Info (12023): Found entity 1: tb_jkff File: P:/lab5/tb_jkff.vhd Line: 5
Info (12021): Found 2 design units, including 1 entities, in source file rachel_ruddy_counter.vhd
    Info (12022): Found design unit 1: rachel_ruddy_counter-Behavioural File: P:/lab5/rachel_ruddy_counter.vhd Line: 14
    Info (12023): Found entity 1: rachel_ruddy_counter File: P:/lab5/rachel_ruddy_counter.vhd Line: 5
Info (12021): Found 2 design units, including 1 entities, in source file rachel_ruddy_clock_divider.vhd
    Info (12022): Found design unit 1: rachel_ruddy_clock_divider-Behavioral File: P:/lab5/rachel_ruddy_clock_divider.vhd Line: 15
    Info (12023): Found entity 1: rachel_ruddy_clock_divider File: P:/lab5/rachel_ruddy_clock_divider.vhd Line: 6
Info (12021): Found 2 design units, including 1 entities, in source file rachel_ruddy_wrapper.vhd
    Info (12022): Found design unit 1: rachel_ruddy_wrapper-behavioral File: P:/lab5/rachel_ruddy_wrapper.vhd Line: 16
    Info (12023): Found entity 1: rachel_ruddy_wrapper File: P:/lab5/rachel_ruddy_wrapper.vhd Line: 9
Info (12021): Found 2 design units, including 1 entities, in source file seven_segment_decoder.vhd
    Info (12022): Found design unit 1: seven_segment_decoder-decoder File: P:/lab5/seven_segment_decoder.vhd Line: 11
    Info (12023): Found entity 1: seven_segment_decoder File: P:/lab5/seven_segment_decoder.vhd Line: 5
Info (12021): Found 2 design units, including 1 entities, in source file tb_counter.vhd
    Info (12022): Found design unit 1: tb_counter-Behavioral File: P:/lab5/tb_counter.vhd Line: 10
    Info (12023): Found entity 1: tb_counter File: P:/lab5/tb_counter.vhd Line: 6
Info (12021): Found 2 design units, including 1 entities, in source file tb_clock_divider.vhd
    Info (12022): Found design unit 1: tb_clock_divider-behavior File: P:/lab5/tb_clock_divider.vhd Line: 10
    Info (12023): Found entity 1: tb_clock_divider File: P:/lab5/tb_clock_divider.vhd Line: 7
Info (12021): Found 2 design units, including 1 entities, in source file down_counter.vhd
    Info (12022): Found design unit 1: down_counter-Behavioral File: P:/lab5/down_counter.vhd Line: 12
    Info (12023): Found entity 1: down_counter File: P:/lab5/down_counter.vhd Line: 5
Info (12021): Found 2 design units, including 1 entities, in source file tb_3bit_up_counter.vhd
    Info (12022): Found design unit 1: tb_3bit_up_counter-behavioral File: P:/lab5/tb_3bit_up_counter.vhd Line: 10
    Info (12023): Found entity 1: tb_3bit_up_counter File: P:/lab5/tb_3bit_up_counter.vhd Line: 6
Info (12127): Elaborating entity "rachel_ruddy_wrapper" for the top level hierarchy
Info (12128): Elaborating entity "rachel_ruddy_clock_divider" for hierarchy "rachel_ruddy_clock_divider:i1" File: P:/lab5/rachel_ruddy_wrapper.vhd Line: 49
Warning (10492): VHDL Process Statement warning at rachel_ruddy_clock_divider.vhd(25): signal "reset" is read inside the Process Statement but isn't in the Process Statement's sensitivity list File: P:/lab5/rachel_ruddy_clock_divider.vhd Line: 25
Info (12128): Elaborating entity "rachel_ruddy_counter" for hierarchy "rachel_ruddy_counter:i2" File: P:/lab5/rachel_ruddy_wrapper.vhd Line: 50
Info (12128): Elaborating entity "seven_segment_decoder" for hierarchy "seven_segment_decoder:i3" File: P:/lab5/rachel_ruddy_wrapper.vhd Line: 53
Info (286030): Timing-Driven Synthesis is running
Info (16010): Generating hard_block partition "hard_block:auto_generated_inst"
    Info (16011): Adding 0 node(s), including 0 DDIO, 0 PLL, 0 transceiver and 0 LCELL
Info (21057): Implemented 81 device resources after synthesis - the final resource count might be different
    Info (21058): Implemented 3 input pins
    Info (21059): Implemented 7 output pins
    Info (21061): Implemented 71 logic cells
Info: Quartus Prime Analysis & Synthesis was successful. 0 errors, 2 warnings
    Info: Peak virtual memory: 4890 megabytes
    Info: Processing ended: Fri Nov 22 19:47:04 2024
    Info: Elapsed time: 00:00:18
    Info: Total CPU time (on all processors): 00:00:05


