Flow report for rachel_ruddy_lab5
Fri Nov 22 19:47:56 2024
Quartus Prime Version 18.1.0 Build 625 09/12/2018 SJ Lite Edition


---------------------
; Table of Contents ;
---------------------
  1. Legal Notice
  2. Flow Summary
  3. Flow Settings
  4. Flow Non-Default Global Settings
  5. Flow Elapsed Time
  6. Flow OS Summary
  7. Flow Log
  8. Flow Messages
  9. Flow Suppressed Messages



----------------
; Legal Notice ;
----------------
Copyright (C) 2018  Intel Corporation. All rights reserved.
Your use of Intel Corporation's design tools, logic functions 
and other software and tools, and its AMPP partner logic 
functions, and any output files from any of the foregoing 
(including device programming or simulation files), and any 
associated documentation or information are expressly subject 
to the terms and conditions of the Intel Program License 
Subscription Agreement, the Intel Quartus Prime License Agreement,
the Intel FPGA IP License Agreement, or other applicable license
agreement, including, without limitation, that your use is for
the sole purpose of programming logic devices manufactured by
Intel and sold by Intel or its authorized distributors.  Please
refer to the applicable agreement for further details.



+-------------------------------------------------------------------------------+
; Flow Summary                                                                  ;
+---------------------------------+---------------------------------------------+
; Flow Status                     ; Successful - Fri Nov 22 19:47:56 2024       ;
; Quartus Prime Version           ; 18.1.0 Build 625 09/12/2018 SJ Lite Edition ;
; Revision Name                   ; rachel_ruddy_lab5                           ;
; Top-level Entity Name           ; rachel_ruddy_wrapper                        ;
; Family                          ; Cyclone V                                   ;
; Device                          ; 5CSEMA5F31C6                                ;
; Timing Models                   ; Final                                       ;
; Logic utilization (in ALMs)     ; 40 / 32,070 ( < 1 % )                       ;
; Total registers                 ; 37                                          ;
; Total pins                      ; 10 / 457 ( 2 % )                            ;
; Total virtual pins              ; 0                                           ;
; Total block memory bits         ; 0 / 4,065,280 ( 0 % )                       ;
; Total DSP Blocks                ; 0 / 87 ( 0 % )                              ;
; Total HSSI RX PCSs              ; 0                                           ;
; Total HSSI PMA RX Deserializers ; 0                                           ;
; Total HSSI TX PCSs              ; 0                                           ;
; Total HSSI PMA TX Serializers   ; 0                                           ;
; Total PLLs                      ; 0 / 6 ( 0 % )                               ;
; Total DLLs                      ; 0 / 4 ( 0 % )                               ;
+---------------------------------+---------------------------------------------+


+-----------------------------------------+
; Flow Settings                           ;
+-------------------+---------------------+
; Option            ; Setting             ;
+-------------------+---------------------+
; Start date & time ; 11/22/2024 19:46:47 ;
; Main task         ; Compilation         ;
; Revision Name     ; rachel_ruddy_lab5   ;
+-------------------+---------------------+


+---------------------------------------------------------------------------------------------------------------------------------------------------+
; Flow Non-Default Global Settings                                                                                                                  ;
+--------------------------------------+----------------------------------------+-------------------+----------------------+------------------------+
; Assignment Name                      ; Value                                  ; Default Value     ; Entity Name          ; Section Id             ;
+--------------------------------------+----------------------------------------+-------------------+----------------------+------------------------+
; COMPILER_SIGNATURE_ID                ; 84486697024558.173232280716852         ; --                ; --                   ; --                     ;
; EDA_DESIGN_INSTANCE_NAME             ; NA                                     ; --                ; --                   ; tb_3bit_up_counter.vhd ;
; EDA_DESIGN_INSTANCE_NAME             ; NA                                     ; --                ; --                   ; tb_clock_divider.vhd   ;
; EDA_DESIGN_INSTANCE_NAME             ; NA                                     ; --                ; --                   ; tb_jkff.vhd            ;
; EDA_DESIGN_INSTANCE_NAME             ; NA                                     ; --                ; --                   ; tb_counter.vhd         ;
; EDA_NATIVELINK_SIMULATION_TEST_BENCH ; tb_3bit_up_counter.vhd                 ; --                ; --                   ; eda_simulation         ;
; EDA_OUTPUT_DATA_FORMAT               ; Vhdl                                   ; --                ; --                   ; eda_simulation         ;
; EDA_SIMULATION_TOOL                  ; ModelSim-Altera (VHDL)                 ; <None>            ; --                   ; --                     ;
; EDA_TEST_BENCH_ENABLE_STATUS         ; TEST_BENCH_MODE                        ; --                ; --                   ; eda_simulation         ;
; EDA_TEST_BENCH_FILE                  ; tb_3bit_up_counter.vhd                 ; --                ; --                   ; tb_3bit_up_counter.vhd ;
; EDA_TEST_BENCH_FILE                  ; tb_clock_divider.vhd                   ; --                ; --                   ; tb_clock_divider.vhd   ;
; EDA_TEST_BENCH_FILE                  ; tb_jkff.vhd                            ; --                ; --                   ; tb_jkff.vhd            ;
; EDA_TEST_BENCH_FILE                  ; tb_counter.vhd                         ; --                ; --                   ; tb_counter.vhd         ;
; EDA_TEST_BENCH_MODULE_NAME           ; tb_3bit_up_counter.vhd                 ; --                ; --                   ; tb_3bit_up_counter.vhd ;
; EDA_TEST_BENCH_MODULE_NAME           ; tb_clock_divider.vhd                   ; --                ; --                   ; tb_clock_divider.vhd   ;
; EDA_TEST_BENCH_MODULE_NAME           ; tb_jkff.vhd                            ; --                ; --                   ; tb_jkff.vhd            ;
; EDA_TEST_BENCH_MODULE_NAME           ; tb_counter.vhd                         ; --                ; --                   ; tb_counter.vhd         ;
; EDA_TEST_BENCH_NAME                  ; tb_jkff.vhd                            ; --                ; --                   ; eda_simulation         ;
; EDA_TEST_BENCH_NAME                  ; tb_counter.vhd                         ; --                ; --                   ; eda_simulation         ;
; EDA_TEST_BENCH_NAME                  ; tb_clock_divider.vhd                   ; --                ; --                   ; eda_simulation         ;
; EDA_TEST_BENCH_NAME                  ; tb_3bit_up_counter.vhd                 ; --                ; --                   ; eda_simulation         ;
; EDA_TIME_SCALE                       ; 1 ps                                   ; --                ; --                   ; eda_simulation         ;
; MAX_CORE_JUNCTION_TEMP               ; 85                                     ; --                ; --                   ; --                     ;
; MIN_CORE_JUNCTION_TEMP               ; 0                                      ; --                ; --                   ; --                     ;
; PARTITION_COLOR                      ; -- (Not supported for targeted family) ; --                ; rachel_ruddy_wrapper ; Top                    ;
; PARTITION_FITTER_PRESERVATION_LEVEL  ; -- (Not supported for targeted family) ; --                ; rachel_ruddy_wrapper ; Top                    ;
; PARTITION_NETLIST_TYPE               ; -- (Not supported for targeted family) ; --                ; rachel_ruddy_wrapper ; Top                    ;
; POWER_BOARD_THERMAL_MODEL            ; None (CONSERVATIVE)                    ; --                ; --                   ; --                     ;
; POWER_PRESET_COOLING_SOLUTION        ; 23 MM HEAT SINK WITH 200 LFPM AIRFLOW  ; --                ; --                   ; --                     ;
; PROJECT_OUTPUT_DIRECTORY             ; output_files                           ; --                ; --                   ; --                     ;
; TOP_LEVEL_ENTITY                     ; rachel_ruddy_wrapper                   ; rachel_ruddy_lab5 ; --                   ; --                     ;
+--------------------------------------+----------------------------------------+-------------------+----------------------+------------------------+


+--------------------------------------------------------------------------------------------------------------------------+
; Flow Elapsed Time                                                                                                        ;
+----------------------+--------------+-------------------------+---------------------+------------------------------------+
; Module Name          ; Elapsed Time ; Average Processors Used ; Peak Virtual Memory ; Total CPU Time (on all processors) ;
+----------------------+--------------+-------------------------+---------------------+------------------------------------+
; Analysis & Synthesis ; 00:00:17     ; 1.0                     ; 4890 MB             ; 00:00:05                           ;
; Fitter               ; 00:00:25     ; 1.0                     ; 7872 MB             ; 00:00:26                           ;
; Assembler            ; 00:00:08     ; 1.0                     ; 4836 MB             ; 00:00:02                           ;
; Timing Analyzer      ; 00:00:07     ; 1.1                     ; 5288 MB             ; 00:00:01                           ;
; EDA Netlist Writer   ; 00:00:02     ; 1.0                     ; 4744 MB             ; 00:00:00                           ;
; Total                ; 00:00:59     ; --                      ; --                  ; 00:00:34                           ;
+----------------------+--------------+-------------------------+---------------------+------------------------------------+


+------------------------------------------------------------------------------------+
; Flow OS Summary                                                                    ;
+----------------------+------------------+------------+------------+----------------+
; Module Name          ; Machine Hostname ; OS Name    ; OS Version ; Processor type ;
+----------------------+------------------+------------+------------+----------------+
; Analysis & Synthesis ; 156TR4060-03     ; Windows 10 ; 10.0       ; x86_64         ;
; Fitter               ; 156TR4060-03     ; Windows 10 ; 10.0       ; x86_64         ;
; Assembler            ; 156TR4060-03     ; Windows 10 ; 10.0       ; x86_64         ;
; Timing Analyzer      ; 156TR4060-03     ; Windows 10 ; 10.0       ; x86_64         ;
; EDA Netlist Writer   ; 156TR4060-03     ; Windows 10 ; 10.0       ; x86_64         ;
+----------------------+------------------+------------+------------+----------------+


------------
; Flow Log ;
------------
quartus_map --read_settings_files=on --write_settings_files=off rachel_ruddy_lab5 -c rachel_ruddy_lab5
quartus_fit --read_settings_files=off --write_settings_files=off rachel_ruddy_lab5 -c rachel_ruddy_lab5
quartus_asm --read_settings_files=off --write_settings_files=off rachel_ruddy_lab5 -c rachel_ruddy_lab5
quartus_sta rachel_ruddy_lab5 -c rachel_ruddy_lab5
quartus_eda --read_settings_files=off --write_settings_files=off rachel_ruddy_lab5 -c rachel_ruddy_lab5



